GPU NVIDIA GeForce GTX 1660 Ti/PCIe/SSE2 (NVIDIA Corporation)
OpenGL 4.6.0 NVIDIA 581.42
[Atlas] Texture size is: 4096x4096 (max: 32768x32768)
Found work dir at 'E:/Projetos/DragonsYourots/Clients/OenCrypto/output/'
== application started at Nov 13 2025 23:33:02
Tibia 2.6 rev 0 (dev) made by otclient.net built on Nov 13 2025 for arch x86
WARNING: HTTP error for : cacheinfo Invalid url
WARNING: HTTP error for : boostedcreature Invalid url
Login to 72.60.253.251:7172
Exiting application..
ERROR: Lua error: /mods/game_prey/prey.lua:161: attempt to call field 'remove' (a nil value)
stack traceback:
	[C]: in function 'remove'
	/mods/game_prey/prey.lua:161: in function 'Terminate'
	/mods/game_prey/prey.otmod:10:[@onUnload]:1: in main chunk
ERROR: Unable to unload module 'game_prey': LUA ERROR:
/mods/game_prey/prey.lua:161: attempt to call field 'remove' (a nil value)
stack traceback:
	[C]: in function 'remove'
	/mods/game_prey/prey.lua:161: in function 'Terminate'
	/mods/game_prey/prey.otmod:10:[@onUnload]:1: in main chunk
ERROR: Lua error: /mods/game_battle/battle.lua:159: attempt to call field 'remove' (a nil value)
stack traceback:
	[C]: in function 'remove'
	/mods/game_battle/battle.lua:159: in function 'terminate'
	/mods/game_battle/battle.otmod:9:[@onUnload]:1: in main chunk
ERROR: Unable to unload module 'game_battle': LUA ERROR:
/mods/game_battle/battle.lua:159: attempt to call field 'remove' (a nil value)
stack traceback:
	[C]: in function 'remove'
	/mods/game_battle/battle.lua:159: in function 'terminate'
	/mods/game_battle/battle.otmod:9:[@onUnload]:1: in main chunk
ERROR: Lua error: /mods/game_viplist/viplist.lua:40: attempt to call field 'remove' (a nil value)
stack traceback:
	[C]: in function 'remove'
	/mods/game_viplist/viplist.lua:40: in function 'terminate'
	/mods/game_viplist/viplist.otmod:9:[@onUnload]:1: in main chunk
ERROR: Unable to unload module 'game_viplist': LUA ERROR:
/mods/game_viplist/viplist.lua:40: attempt to call field 'remove' (a nil value)
stack traceback:
	[C]: in function 'remove'
	/mods/game_viplist/viplist.lua:40: in function 'terminate'
	/mods/game_viplist/viplist.otmod:9:[@onUnload]:1: in main chunk
ERROR: Lua error: /modules/game_console/console.lua:377: attempt to call field 'delete' (a nil value)
stack traceback:
	[C]: in function 'delete'
	/modules/game_console/console.lua:377: in function 'terminate'
	/modules/game_console/console.otmod:9:[@onUnload]:1: in main chunk
ERROR: Unable to unload module 'game_console': LUA ERROR:
/modules/game_console/console.lua:377: attempt to call field 'delete' (a nil value)
stack traceback:
	[C]: in function 'delete'
	/modules/game_console/console.lua:377: in function 'terminate'
	/modules/game_console/console.otmod:9:[@onUnload]:1: in main chunk
ERROR: Lua error: /modules/game_interface/gameinterface.lua:135: attempt to call field 'remove' (a nil value)
stack traceback:
	[C]: in function 'remove'
	/modules/game_interface/gameinterface.lua:135: in function 'terminate'
	/modules/game_interface/interface.otmod:66:[@onUnload]:1: in main chunk
ERROR: Unable to unload module 'game_interface': LUA ERROR:
/modules/game_interface/gameinterface.lua:135: attempt to call field 'remove' (a nil value)
stack traceback:
	[C]: in function 'remove'
	/modules/game_interface/gameinterface.lua:135: in function 'terminate'
	/modules/game_interface/interface.otmod:66:[@onUnload]:1: in main chunk
ERROR: Lua error: /modules/client_options/options.lua:424: attempt to call field 'remove' (a nil value)
stack traceback:
	[C]: in function 'remove'
	/modules/client_options/options.lua:424: in function 'terminate'
	/modules/client_options/options.otmod:9:[@onUnload]:1: in main chunk
ERROR: Unable to unload module 'client_options': LUA ERROR:
/modules/client_options/options.lua:424: attempt to call field 'remove' (a nil value)
stack traceback:
	[C]: in function 'remove'
	/modules/client_options/options.lua:424: in function 'terminate'
	/modules/client_options/options.otmod:9:[@onUnload]:1: in main chunk
WARNING: widget 'widget1372' was not explicitly destroyed
WARNING: widget 'widget7349' was not explicitly destroyed
WARNING: widget 'widget7348' was not explicitly destroyed
WARNING: widget 'widget3026' was not explicitly destroyed
